m.csv starts with time column, then for each COMPA:
====
 1	N2UpperLayer
 2	O2UpperLayer
 3	CO2UpperLayer
 4	COUpperLayer
 5	HCNUpperLayer
 6	HCLUpperLayer
 7	UnburnedHydrocarbonsUpperLayer
 8	H2OUpperLayer
 9	OpticalDensityUpperLayer
10	TraceSpeciesUpperLayer
11	N2LowerLayer
12	O2LowerLayer
13	CO2LowerLayer
14	COLowerLayer
15	HCNLowerLayer
16	HCLLowerLayer
17	UnburnedHydrocarbonsLowerLayer
18	H2OLowerLayer
19	OpticalDensityLowerLayer
20	TraceSpeciesLowerLayer


n.csv starts with time column, then for each COMPA. There are some additional columns about outside in this file!
====
 1	UpperLayerTemperature
 2	LowerLayerTemperature
 3	LayerHeight
 4	UpperLayerVolume
 5	Pressure



s.csv starts with time column, then for each COMPA: 
====
 1	N2UpperLayer
 2	O2UpperLayer
 3	CO2UpperLayer
 4	COUpperLayer
 5	HCNUpperLayer
 6	HCLUpperLayer
 7	UnburnedHydrocarbonsUpperLayer
 8	H2OUpperLayer
 9	OpticalDensityUpperLayer
10	TraceSpeciesUpperLayer
11	N2LowerLayer
12	O2LowerLayer
13	CO2LowerLayer
14	COLowerLayer
15	HCNLowerLayer
16	HCLLowerLayer
17	UnburnedHydrocarbonsLowerLayer
18	H2OLowerLayer
19	OpticalDensityLowerLayer
20	TraceSpeciesLowerLayer


w.csv starts with time column, then for each COMPA.  There are some additional sensor columns about outside in this file!
====
 1	CeilingTemperature
 2	UpperWallTemperature
 3	LowerWallTemperature
 4	FloorTemperature
